Performing C SOURCE FILE Test C_SUPPORTS_WERROR_UNGUARDED_AVAILABILITY_NEW failed with the following output:
Change Dir: /home/kidus/llvm-project/clangclangbuildir/CMakeFiles/CMakeTmp

Run Build Command(s):/usr/bin/gmake -f Makefile cmTC_5ab87/fast && /usr/bin/gmake  -f CMakeFiles/cmTC_5ab87.dir/build.make CMakeFiles/cmTC_5ab87.dir/build
gmake[1]: Entering directory '/home/kidus/llvm-project/clangclangbuildir/CMakeFiles/CMakeTmp'
Building C object CMakeFiles/cmTC_5ab87.dir/src.c.o
/usr/bin/cc -DC_SUPPORTS_WERROR_UNGUARDED_AVAILABILITY_NEW  -fPIC -fno-semantic-interposition -Werror=date-time    -Werror -Werror=unguarded-availability-new -o CMakeFiles/cmTC_5ab87.dir/src.c.o -c /home/kidus/llvm-project/clangclangbuildir/CMakeFiles/CMakeTmp/src.c
cc1: error: '-Werror=unguarded-availability-new': no option '-Wunguarded-availability-new'
gmake[1]: *** [CMakeFiles/cmTC_5ab87.dir/build.make:78: CMakeFiles/cmTC_5ab87.dir/src.c.o] Error 1
gmake[1]: Leaving directory '/home/kidus/llvm-project/clangclangbuildir/CMakeFiles/CMakeTmp'
gmake: *** [Makefile:127: cmTC_5ab87/fast] Error 2


Source file was:
int main(void) { return 0; }
Performing C++ SOURCE FILE Test CXX_SUPPORTS_WERROR_UNGUARDED_AVAILABILITY_NEW failed with the following output:
Change Dir: /home/kidus/llvm-project/clangclangbuildir/CMakeFiles/CMakeTmp

Run Build Command(s):/usr/bin/gmake -f Makefile cmTC_eaf2b/fast && /usr/bin/gmake  -f CMakeFiles/cmTC_eaf2b.dir/build.make CMakeFiles/cmTC_eaf2b.dir/build
gmake[1]: Entering directory '/home/kidus/llvm-project/clangclangbuildir/CMakeFiles/CMakeTmp'
Building CXX object CMakeFiles/cmTC_eaf2b.dir/src.cxx.o
/usr/bin/c++ -DCXX_SUPPORTS_WERROR_UNGUARDED_AVAILABILITY_NEW  -fPIC -fno-semantic-interposition -fvisibility-inlines-hidden -Werror=date-time    -Werror -Werror=unguarded-availability-new -std=c++17 -o CMakeFiles/cmTC_eaf2b.dir/src.cxx.o -c /home/kidus/llvm-project/clangclangbuildir/CMakeFiles/CMakeTmp/src.cxx
cc1plus: error: '-Werror=unguarded-availability-new': no option '-Wunguarded-availability-new'
gmake[1]: *** [CMakeFiles/cmTC_eaf2b.dir/build.make:78: CMakeFiles/cmTC_eaf2b.dir/src.cxx.o] Error 1
gmake[1]: Leaving directory '/home/kidus/llvm-project/clangclangbuildir/CMakeFiles/CMakeTmp'
gmake: *** [Makefile:127: cmTC_eaf2b/fast] Error 2


Source file was:
int main() { return 0; }
Performing C SOURCE FILE Test C_SUPPORTS_COVERED_SWITCH_DEFAULT_FLAG failed with the following output:
Change Dir: /home/kidus/llvm-project/clangclangbuildir/CMakeFiles/CMakeTmp

Run Build Command(s):/usr/bin/gmake -f Makefile cmTC_6a5d7/fast && /usr/bin/gmake  -f CMakeFiles/cmTC_6a5d7.dir/build.make CMakeFiles/cmTC_6a5d7.dir/build
gmake[1]: Entering directory '/home/kidus/llvm-project/clangclangbuildir/CMakeFiles/CMakeTmp'
Building C object CMakeFiles/cmTC_6a5d7.dir/src.c.o
/usr/bin/cc -DC_SUPPORTS_COVERED_SWITCH_DEFAULT_FLAG  -fPIC -fno-semantic-interposition -Werror=date-time -fno-lifetime-dse -Wall -Wextra -Wno-unused-parameter -Wwrite-strings -Wcast-qual -Wno-missing-field-initializers -Wimplicit-fallthrough    -Werror -Wcovered-switch-default -o CMakeFiles/cmTC_6a5d7.dir/src.c.o -c /home/kidus/llvm-project/clangclangbuildir/CMakeFiles/CMakeTmp/src.c
cc: error: unrecognized command-line option '-Wcovered-switch-default'; did you mean '-Wno-switch-default'?
gmake[1]: *** [CMakeFiles/cmTC_6a5d7.dir/build.make:78: CMakeFiles/cmTC_6a5d7.dir/src.c.o] Error 1
gmake[1]: Leaving directory '/home/kidus/llvm-project/clangclangbuildir/CMakeFiles/CMakeTmp'
gmake: *** [Makefile:127: cmTC_6a5d7/fast] Error 2


Source file was:
int main(void) { return 0; }
Performing C++ SOURCE FILE Test CXX_SUPPORTS_COVERED_SWITCH_DEFAULT_FLAG failed with the following output:
Change Dir: /home/kidus/llvm-project/clangclangbuildir/CMakeFiles/CMakeTmp

Run Build Command(s):/usr/bin/gmake -f Makefile cmTC_50e27/fast && /usr/bin/gmake  -f CMakeFiles/cmTC_50e27.dir/build.make CMakeFiles/cmTC_50e27.dir/build
gmake[1]: Entering directory '/home/kidus/llvm-project/clangclangbuildir/CMakeFiles/CMakeTmp'
Building CXX object CMakeFiles/cmTC_50e27.dir/src.cxx.o
/usr/bin/c++ -DCXX_SUPPORTS_COVERED_SWITCH_DEFAULT_FLAG  -fPIC -fno-semantic-interposition -fvisibility-inlines-hidden -Werror=date-time -fno-lifetime-dse -Wall -Wextra -Wno-unused-parameter -Wwrite-strings -Wcast-qual -Wno-missing-field-initializers -Wimplicit-fallthrough    -Werror -Wcovered-switch-default -std=c++17 -o CMakeFiles/cmTC_50e27.dir/src.cxx.o -c /home/kidus/llvm-project/clangclangbuildir/CMakeFiles/CMakeTmp/src.cxx
c++: error: unrecognized command-line option '-Wcovered-switch-default'; did you mean '-Wno-switch-default'?
gmake[1]: *** [CMakeFiles/cmTC_50e27.dir/build.make:78: CMakeFiles/cmTC_50e27.dir/src.cxx.o] Error 1
gmake[1]: Leaving directory '/home/kidus/llvm-project/clangclangbuildir/CMakeFiles/CMakeTmp'
gmake: *** [Makefile:127: cmTC_50e27/fast] Error 2


Source file was:
int main() { return 0; }
Performing C++ SOURCE FILE Test CXX_WONT_WARN_ON_FINAL_NONVIRTUALDTOR failed with the following output:
Change Dir: /home/kidus/llvm-project/clangclangbuildir/CMakeFiles/CMakeTmp

Run Build Command(s):/usr/bin/gmake -f Makefile cmTC_c1c65/fast && /usr/bin/gmake  -f CMakeFiles/cmTC_c1c65.dir/build.make CMakeFiles/cmTC_c1c65.dir/build
gmake[1]: Entering directory '/home/kidus/llvm-project/clangclangbuildir/CMakeFiles/CMakeTmp'
Building CXX object CMakeFiles/cmTC_c1c65.dir/src.cxx.o
/usr/bin/c++ -DCXX_WONT_WARN_ON_FINAL_NONVIRTUALDTOR  -fPIC -fno-semantic-interposition -fvisibility-inlines-hidden -Werror=date-time -fno-lifetime-dse -Wall -Wextra -Wno-unused-parameter -Wwrite-strings -Wcast-qual -Wno-missing-field-initializers -Wimplicit-fallthrough -Wno-nonnull -Wno-class-memaccess -Wno-redundant-move -Wno-pessimizing-move -Wno-noexcept-type  -Werror=non-virtual-dtor -std=c++17 -o CMakeFiles/cmTC_c1c65.dir/src.cxx.o -c /home/kidus/llvm-project/clangclangbuildir/CMakeFiles/CMakeTmp/src.cxx
/home/kidus/llvm-project/clangclangbuildir/CMakeFiles/CMakeTmp/src.cxx:2:36: error: ‘class base’ has virtual functions and accessible non-virtual destructor [-Werror=non-virtual-dtor]
    2 |                              class base {friend f; public: virtual void anchor();protected: ~base();};
      |                                    ^~~~
cc1plus: some warnings being treated as errors
gmake[1]: *** [CMakeFiles/cmTC_c1c65.dir/build.make:78: CMakeFiles/cmTC_c1c65.dir/src.cxx.o] Error 1
gmake[1]: Leaving directory '/home/kidus/llvm-project/clangclangbuildir/CMakeFiles/CMakeTmp'
gmake: *** [Makefile:127: cmTC_c1c65/fast] Error 2


Source file was:
class f {};
                             class base {friend f; public: virtual void anchor();protected: ~base();};
                             int main() { return 0; }
Performing C SOURCE FILE Test C_WCOMMENT_ALLOWS_LINE_WRAP failed with the following output:
Change Dir: /home/kidus/llvm-project/clangclangbuildir/CMakeFiles/CMakeTmp

Run Build Command(s):/usr/bin/gmake -f Makefile cmTC_280ac/fast && /usr/bin/gmake  -f CMakeFiles/cmTC_280ac.dir/build.make CMakeFiles/cmTC_280ac.dir/build
gmake[1]: Entering directory '/home/kidus/llvm-project/clangclangbuildir/CMakeFiles/CMakeTmp'
Building C object CMakeFiles/cmTC_280ac.dir/src.c.o
/usr/bin/cc -DC_WCOMMENT_ALLOWS_LINE_WRAP  -fPIC -fno-semantic-interposition -Werror=date-time -fno-lifetime-dse -Wall -Wextra -Wno-unused-parameter -Wwrite-strings -Wcast-qual -Wno-missing-field-initializers -Wimplicit-fallthrough  -Werror -Wcomment -o CMakeFiles/cmTC_280ac.dir/src.c.o -c /home/kidus/llvm-project/clangclangbuildir/CMakeFiles/CMakeTmp/src.c
/home/kidus/llvm-project/clangclangbuildir/CMakeFiles/CMakeTmp/src.c:1:1: error: multi-line comment [-Werror=comment]
    1 | // \
      | ^
cc1: all warnings being treated as errors
gmake[1]: *** [CMakeFiles/cmTC_280ac.dir/build.make:78: CMakeFiles/cmTC_280ac.dir/src.c.o] Error 1
gmake[1]: Leaving directory '/home/kidus/llvm-project/clangclangbuildir/CMakeFiles/CMakeTmp'
gmake: *** [Makefile:127: cmTC_280ac/fast] Error 2


Source file was:
// \
//
int main(void) {return 0;}
Performing C SOURCE FILE Test C_SUPPORTS_STRING_CONVERSION_FLAG failed with the following output:
Change Dir: /home/kidus/llvm-project/clangclangbuildir/CMakeFiles/CMakeTmp

Run Build Command(s):/usr/bin/gmake -f Makefile cmTC_55265/fast && /usr/bin/gmake  -f CMakeFiles/cmTC_55265.dir/build.make CMakeFiles/cmTC_55265.dir/build
gmake[1]: Entering directory '/home/kidus/llvm-project/clangclangbuildir/CMakeFiles/CMakeTmp'
Building C object CMakeFiles/cmTC_55265.dir/src.c.o
/usr/bin/cc -DC_SUPPORTS_STRING_CONVERSION_FLAG  -fPIC -fno-semantic-interposition -Werror=date-time -fno-lifetime-dse -Wall -Wextra -Wno-unused-parameter -Wwrite-strings -Wcast-qual -Wno-missing-field-initializers -Wimplicit-fallthrough -Wno-comment    -Werror -Wstring-conversion -o CMakeFiles/cmTC_55265.dir/src.c.o -c /home/kidus/llvm-project/clangclangbuildir/CMakeFiles/CMakeTmp/src.c
cc: error: unrecognized command-line option '-Wstring-conversion'; did you mean '-Wsign-conversion'?
gmake[1]: *** [CMakeFiles/cmTC_55265.dir/build.make:78: CMakeFiles/cmTC_55265.dir/src.c.o] Error 1
gmake[1]: Leaving directory '/home/kidus/llvm-project/clangclangbuildir/CMakeFiles/CMakeTmp'
gmake: *** [Makefile:127: cmTC_55265/fast] Error 2


Source file was:
int main(void) { return 0; }
Performing C++ SOURCE FILE Test CXX_SUPPORTS_STRING_CONVERSION_FLAG failed with the following output:
Change Dir: /home/kidus/llvm-project/clangclangbuildir/CMakeFiles/CMakeTmp

Run Build Command(s):/usr/bin/gmake -f Makefile cmTC_57f22/fast && /usr/bin/gmake  -f CMakeFiles/cmTC_57f22.dir/build.make CMakeFiles/cmTC_57f22.dir/build
gmake[1]: Entering directory '/home/kidus/llvm-project/clangclangbuildir/CMakeFiles/CMakeTmp'
Building CXX object CMakeFiles/cmTC_57f22.dir/src.cxx.o
/usr/bin/c++ -DCXX_SUPPORTS_STRING_CONVERSION_FLAG  -fPIC -fno-semantic-interposition -fvisibility-inlines-hidden -Werror=date-time -fno-lifetime-dse -Wall -Wextra -Wno-unused-parameter -Wwrite-strings -Wcast-qual -Wno-missing-field-initializers -Wimplicit-fallthrough -Wno-nonnull -Wno-class-memaccess -Wno-redundant-move -Wno-pessimizing-move -Wno-noexcept-type -Wdelete-non-virtual-dtor -Wsuggest-override -Wno-comment    -Werror -Wstring-conversion -std=c++17 -o CMakeFiles/cmTC_57f22.dir/src.cxx.o -c /home/kidus/llvm-project/clangclangbuildir/CMakeFiles/CMakeTmp/src.cxx
c++: error: unrecognized command-line option '-Wstring-conversion'; did you mean '-Wsign-conversion'?
gmake[1]: *** [CMakeFiles/cmTC_57f22.dir/build.make:78: CMakeFiles/cmTC_57f22.dir/src.cxx.o] Error 1
gmake[1]: Leaving directory '/home/kidus/llvm-project/clangclangbuildir/CMakeFiles/CMakeTmp'
gmake: *** [Makefile:127: cmTC_57f22/fast] Error 2


Source file was:
int main() { return 0; }
Performing C SOURCE FILE Test C_SUPPORTS_CTAD_MAYBE_UNSPPORTED_FLAG failed with the following output:
Change Dir: /home/kidus/llvm-project/clangclangbuildir/CMakeFiles/CMakeTmp

Run Build Command(s):/usr/bin/gmake -f Makefile cmTC_ed8e2/fast && /usr/bin/gmake  -f CMakeFiles/cmTC_ed8e2.dir/build.make CMakeFiles/cmTC_ed8e2.dir/build
gmake[1]: Entering directory '/home/kidus/llvm-project/clangclangbuildir/CMakeFiles/CMakeTmp'
Building C object CMakeFiles/cmTC_ed8e2.dir/src.c.o
/usr/bin/cc -DC_SUPPORTS_CTAD_MAYBE_UNSPPORTED_FLAG  -fPIC -fno-semantic-interposition -Werror=date-time -fno-lifetime-dse -Wall -Wextra -Wno-unused-parameter -Wwrite-strings -Wcast-qual -Wno-missing-field-initializers -Wimplicit-fallthrough -Wno-comment    -Werror -Wctad-maybe-unsupported -o CMakeFiles/cmTC_ed8e2.dir/src.c.o -c /home/kidus/llvm-project/clangclangbuildir/CMakeFiles/CMakeTmp/src.c
cc1: error: command-line option '-Wctad-maybe-unsupported' is valid for C++/ObjC++ but not for C [-Werror]
cc1: all warnings being treated as errors
gmake[1]: *** [CMakeFiles/cmTC_ed8e2.dir/build.make:78: CMakeFiles/cmTC_ed8e2.dir/src.c.o] Error 1
gmake[1]: Leaving directory '/home/kidus/llvm-project/clangclangbuildir/CMakeFiles/CMakeTmp'
gmake: *** [Makefile:127: cmTC_ed8e2/fast] Error 2


Source file was:
int main(void) { return 0; }
Determining if the os_signpost_interval_begin exist failed with the following output:
Change Dir: /home/kidus/llvm-project/clangclangbuildir/CMakeFiles/CMakeTmp

Run Build Command(s):/usr/bin/gmake -f Makefile cmTC_274fe/fast && /usr/bin/gmake  -f CMakeFiles/cmTC_274fe.dir/build.make CMakeFiles/cmTC_274fe.dir/build
gmake[1]: Entering directory '/home/kidus/llvm-project/clangclangbuildir/CMakeFiles/CMakeTmp'
Building C object CMakeFiles/cmTC_274fe.dir/CheckSymbolExists.c.o
/usr/bin/cc   -fPIC -fno-semantic-interposition -fno-lifetime-dse -Wall -Wextra -Wno-unused-parameter -Wwrite-strings -Wcast-qual -Wno-missing-field-initializers -Wimplicit-fallthrough -Wno-comment -ffunction-sections -fdata-sections  -o CMakeFiles/cmTC_274fe.dir/CheckSymbolExists.c.o -c /home/kidus/llvm-project/clangclangbuildir/CMakeFiles/CMakeTmp/CheckSymbolExists.c
/home/kidus/llvm-project/clangclangbuildir/CMakeFiles/CMakeTmp/CheckSymbolExists.c:2:10: fatal error: os/signpost.h: No such file or directory
    2 | #include <os/signpost.h>
      |          ^~~~~~~~~~~~~~~
compilation terminated.
gmake[1]: *** [CMakeFiles/cmTC_274fe.dir/build.make:78: CMakeFiles/cmTC_274fe.dir/CheckSymbolExists.c.o] Error 1
gmake[1]: Leaving directory '/home/kidus/llvm-project/clangclangbuildir/CMakeFiles/CMakeTmp'
gmake: *** [Makefile:127: cmTC_274fe/fast] Error 2


File /home/kidus/llvm-project/clangclangbuildir/CMakeFiles/CMakeTmp/CheckSymbolExists.c:
/* */
#include <os/signpost.h>

int main(int argc, char** argv)
{
  (void)argv;
#ifndef os_signpost_interval_begin
  return ((int*)(&os_signpost_interval_begin))[argc];
#else
  (void)argc;
  return 0;
#endif
}
Performing C++ SOURCE FILE Test CXX_SUPPORTS_NO_NESTED_ANON_TYPES_FLAG failed with the following output:
Change Dir: /home/kidus/llvm-project/clangclangbuildir/CMakeFiles/CMakeTmp

Run Build Command(s):/usr/bin/gmake -f Makefile cmTC_a36c5/fast && /usr/bin/gmake  -f CMakeFiles/cmTC_a36c5.dir/build.make CMakeFiles/cmTC_a36c5.dir/build
gmake[1]: Entering directory '/home/kidus/llvm-project/clangclangbuildir/CMakeFiles/CMakeTmp'
Building CXX object CMakeFiles/cmTC_a36c5.dir/src.cxx.o
/usr/bin/c++ -DCXX_SUPPORTS_NO_NESTED_ANON_TYPES_FLAG  -fPIC -fno-semantic-interposition -fvisibility-inlines-hidden -Werror=date-time -fno-lifetime-dse -Wall -Wextra -Wno-unused-parameter -Wwrite-strings -Wcast-qual -Wno-missing-field-initializers -Wimplicit-fallthrough -Wno-nonnull -Wno-class-memaccess -Wno-redundant-move -Wno-pessimizing-move -Wno-noexcept-type -Wdelete-non-virtual-dtor -Wsuggest-override -Wno-comment -Wno-misleading-indentation -Wctad-maybe-unsupported -ffunction-sections -fdata-sections -fno-common -Woverloaded-virtual -fno-strict-aliasing -pedantic -Wno-long-long    -Werror -Wnested-anon-types -std=c++17 -o CMakeFiles/cmTC_a36c5.dir/src.cxx.o -c /home/kidus/llvm-project/clangclangbuildir/CMakeFiles/CMakeTmp/src.cxx
c++: error: unrecognized command-line option '-Wnested-anon-types'
gmake[1]: *** [CMakeFiles/cmTC_a36c5.dir/build.make:78: CMakeFiles/cmTC_a36c5.dir/src.cxx.o] Error 1
gmake[1]: Leaving directory '/home/kidus/llvm-project/clangclangbuildir/CMakeFiles/CMakeTmp'
gmake: *** [Makefile:127: cmTC_a36c5/fast] Error 2


Source file was:
int main() { return 0; }
